<?xml version="1.0" encoding="UTF-8"?>
<!-- Generated by org.testng.reporters.JUnitReportReporter -->
<testsuite hostname="LAPTOP-PSK043T1" failures="0" tests="1" name="test.suite.Test01_Google" time="4.195" errors="0" timestamp="2025-01-22T09:20:18 CST" skipped="0">
  <testcase classname="test.suite.Test01_Google" name="test01" time="4.195"/>
</testsuite> <!-- test.suite.Test01_Google -->
